d:\vs2022\mfcapplication1\mfcapplication1\debug\vc142.pdb
d:\vs2022\mfcapplication1\mfcapplication1\debug\vc142.idb
d:\vs2022\mfcapplication1\mfcapplication1\debug\viewtree.obj
d:\vs2022\mfcapplication1\mfcapplication1\debug\outputwnd.obj
d:\vs2022\mfcapplication1\mfcapplication1\debug\mfcapplication1view.obj
d:\vs2022\mfcapplication1\mfcapplication1\debug\mfcapplication1doc.obj
d:\vs2022\mfcapplication1\mfcapplication1\debug\mfcapplication1.obj
d:\vs2022\mfcapplication1\mfcapplication1\debug\propertieswnd.obj
d:\vs2022\mfcapplication1\mfcapplication1\debug\mainfrm.obj
d:\vs2022\mfcapplication1\mfcapplication1\debug\fileview.obj
d:\vs2022\mfcapplication1\mfcapplication1\debug\classview.obj
d:\vs2022\mfcapplication1\mfcapplication1\debug\mfcapplication1.pch
d:\vs2022\mfcapplication1\mfcapplication1\debug\pch.obj
c:\users\imomi\desktop\c++\mfcapplication1\mfcapplication1\debug\mfcapplication1.pch
c:\users\imomi\desktop\c++\mfcapplication1\mfcapplication1\debug\vc142.pdb
c:\users\imomi\desktop\c++\mfcapplication1\mfcapplication1\debug\vc142.idb
c:\users\imomi\desktop\c++\mfcapplication1\mfcapplication1\debug\pch.obj
c:\users\imomi\desktop\c++\mfcapplication1\mfcapplication1\debug\viewtree.obj
c:\users\imomi\desktop\c++\mfcapplication1\mfcapplication1\debug\propertieswnd.obj
c:\users\imomi\desktop\c++\mfcapplication1\mfcapplication1\debug\outputwnd.obj
c:\users\imomi\desktop\c++\mfcapplication1\mfcapplication1\debug\mfcapplication1view.obj
c:\users\imomi\desktop\c++\mfcapplication1\mfcapplication1\debug\mfcapplication1doc.obj
c:\users\imomi\desktop\c++\mfcapplication1\mfcapplication1\debug\mfcapplication1.obj
c:\users\imomi\desktop\c++\mfcapplication1\mfcapplication1\debug\mainfrm.obj
c:\users\imomi\desktop\c++\mfcapplication1\mfcapplication1\debug\fileview.obj
c:\users\imomi\desktop\c++\mfcapplication1\mfcapplication1\debug\classview.obj
d:\vs2022\mfcapplication1\debug\mfcapplication1.exe
d:\vs2022\mfcapplication1\mfcapplication1\debug\mfcapplication1.ilk
d:\vs2022\mfcapplication1\debug\mfcapplication1.pdb
c:\users\imomi\desktop\c++\mfcapplication1\debug\mfcapplication1.exe
c:\users\imomi\desktop\c++\mfcapplication1\mfcapplication1\debug\mfcapplication1.ilk
c:\users\imomi\desktop\c++\mfcapplication1\debug\mfcapplication1.pdb
d:\vs2022\mfcapplication1\mfcapplication1\debug\mfcapplication1.res
c:\users\imomi\desktop\c++\mfcapplication1\mfcapplication1\debug\mfcapplication1.res
c:\users\imomi\desktop\c++\mfcapplication1\mfcapplication1\debug\mfcapplication1.obj.enc
c:\users\imomi\desktop\c++\mfcapplication1\mfcapplication1\debug\mfcapplication1view.obj.enc
c:\users\imomi\desktop\c++\mfcapplication1\mfcapplication1\debug\mfcapplication1.tlog\cl.command.1.tlog
c:\users\imomi\desktop\c++\mfcapplication1\mfcapplication1\debug\mfcapplication1.tlog\cl.read.1.tlog
c:\users\imomi\desktop\c++\mfcapplication1\mfcapplication1\debug\mfcapplication1.tlog\cl.write.1.tlog
c:\users\imomi\desktop\c++\mfcapplication1\mfcapplication1\debug\mfcapplication1.tlog\link.command.1.tlog
c:\users\imomi\desktop\c++\mfcapplication1\mfcapplication1\debug\mfcapplication1.tlog\link.read.1.tlog
c:\users\imomi\desktop\c++\mfcapplication1\mfcapplication1\debug\mfcapplication1.tlog\link.write.1.tlog
c:\users\imomi\desktop\c++\mfcapplication1\mfcapplication1\debug\mfcapplication1.tlog\rc.command.1.tlog
c:\users\imomi\desktop\c++\mfcapplication1\mfcapplication1\debug\mfcapplication1.tlog\rc.read.1.tlog
c:\users\imomi\desktop\c++\mfcapplication1\mfcapplication1\debug\mfcapplication1.tlog\rc.write.1.tlog
